Package flutter_local_notifications:linux references flutter_local_notifications_linux:linux as the default plugin, but the package does not exist, or is not a plugin package.
Ask the maintainers of flutter_local_notifications to either avoid referencing a default implementation via `platforms: linux: default_package: flutter_local_notifications_linux` or create a plugin named flutter_local_notifications_linux.

Package flutter_local_notifications:linux references flutter_local_notifications_linux:linux as the default plugin, but the package does not exist, or is not a plugin package.
Ask the maintainers of flutter_local_notifications to either avoid referencing a default implementation via `platforms: linux: default_package: flutter_local_notifications_linux` or create a plugin named flutter_local_notifications_linux.

Package flutter_local_notifications:linux references flutter_local_notifications_linux:linux as the default plugin, but the package does not exist, or is not a plugin package.
Ask the maintainers of flutter_local_notifications to either avoid referencing a default implementation via `platforms: linux: default_package: flutter_local_notifications_linux` or create a plugin named flutter_local_notifications_linux.

Package flutter_local_notifications:linux references flutter_local_notifications_linux:linux as the default plugin, but the package does not exist, or is not a plugin package.
Ask the maintainers of flutter_local_notifications to either avoid referencing a default implementation via `platforms: linux: default_package: flutter_local_notifications_linux` or create a plugin named flutter_local_notifications_linux.

Running Gradle task 'assembleRelease'...                        

FAILURE: Build failed with an exception.

* What went wrong:
Gradle could not start your build.
> Cannot create service of type BuildTreeActionExecutor using method LauncherServices$ToolingBuildTreeScopeServices.createActionExecutor() as there is a problem with parameter #1 of type List<BuildActionRunner>.
   > Cannot create service of type BuildModelActionRunner using BuildModelActionRunner constructor as there is a problem with parameter #1 of type PayloadSerializer.
      > Cannot create service of type PayloadSerializer using method LauncherServices$ToolingGradleUserHomeScopeServices.createPayloadSerializer() as there is a problem with parameter #2 of type PayloadClassLoaderFactory.
         > Cannot create service of type PayloadClassLoaderFactory using method LauncherServices$ToolingGradleUserHomeScopeServices.createClassLoaderFactory() as there is a problem with parameter #1 of type CachedClasspathTransformer.
            > Cannot create service of type DefaultCachedClasspathTransformer using DefaultCachedClasspathTransformer constructor as there is a problem with parameter #6 of type FileSystemAccess.
               > Cannot create service of type FileSystemAccess using method VirtualFileSystemServices$GradleUserHomeServices.createFileSystemAccess() as there is a problem with parameter #2 of type VirtualFileSystem.
                  > Cannot create service of type BuildLifecycleAwareVirtualFileSystem using method VirtualFileSystemServices$GradleUserHomeServices.createVirtualFileSystem() as there is a problem with parameter #6 of type GlobalCacheLocations.
                     > Cannot create service of type GlobalCacheLocations using method GradleUserHomeScopeServices.createGlobalCacheLocations() as there is a problem with parameter #1 of type List<GlobalCache>.
                        > Could not create service of type FileAccessTimeJournal using GradleUserHomeScopeServices.createFileAccessTimeJournal().
                           > Timeout waiting to lock journal cache (C:\Users\adity\.gradle\caches\journal-1). It is currently in use by another Gradle instance.
                             Owner PID: 1680
                             Our PID: 10992
                             Owner Operation: 
                             Our operation: 
                             Lock file: C:\Users\adity\.gradle\caches\journal-1\journal-1.lock

* Try:
> Run with --stacktrace option to get the stack trace.
> Run with --info or --debug option to get more log output.
> Run with --scan to get full insights.

* Get more help at https://help.gradle.org

BUILD FAILED in 1m 8s
Running Gradle task 'assembleRelease'...                           69.8s
Gradle task assembleRelease failed with exit code 1
